03/12/2015 18:50:02 server iniciado 0.13.0
03/12/2015 18:50:09 server cerrado.
03/12/2015 18:50:14 server iniciado 0.13.0
05/12/2015 20:32:52 server iniciado 0.13.0
07/12/2015 2:09:51 server iniciado 0.13.0
07/12/2015 2:14:32 server cerrado.
07/12/2015 2:16:04 server iniciado 0.13.0
07/12/2015 23:40:20 server iniciado 0.13.0
07/12/2015 23:44:19 server cerrado.
07/12/2015 23:45:28 server iniciado 0.13.0
08/12/2015 4:49:24 server iniciado 0.13.0
08/12/2015 4:50:14 server cerrado.
08/12/2015 6:25:44 server iniciado 0.13.0
08/12/2015 6:28:21 server iniciado 0.13.0
08/12/2015 6:37:51 server cerrado.
08/12/2015 6:37:56 server iniciado 0.13.0
08/12/2015 7:29:33 server iniciado 0.13.0
08/12/2015 16:55:41 server iniciado 0.13.0
08/12/2015 17:09:36 server iniciado 0.13.0
08/12/2015 17:24:47 server cerrado.
08/12/2015 17:25:11 server iniciado 0.13.0
08/12/2015 20:06:36 server iniciado 0.13.0
08/12/2015 20:08:21 server cerrado.
08/12/2015 20:27:15 server iniciado 0.13.0
08/12/2015 20:32:36 server cerrado.
08/12/2015 21:03:01 server iniciado 0.13.0
08/12/2015 21:05:24 server iniciado 0.13.0
08/12/2015 21:08:56 server cerrado.
08/12/2015 21:09:39 server iniciado 0.13.0
08/12/2015 21:16:50 server cerrado.
08/12/2015 21:19:44 server iniciado 0.13.0
08/12/2015 21:25:15 server cerrado.
08/12/2015 21:26:05 server iniciado 0.13.0
08/12/2015 23:15:25 server iniciado 0.13.0
08/12/2015 23:55:23 server cerrado.
09/12/2015 1:26:25 server iniciado 0.13.0
09/12/2015 1:29:44 server cerrado.
13/12/2015 10:36:59 a.m. server iniciado 0.13.0
13/12/2015 10:38:22 a.m. server cerrado.
13/12/2015 10:38:27 a.m. server iniciado 0.13.0
13/12/2015 10:39:09 a.m. server cerrado.
13/12/2015 10:39:12 a.m. server iniciado 0.13.0
13/12/2015 10:49:23 a.m. server cerrado.
17/12/2015 06:29:47 p.m. server iniciado 0.13.0
