05/12/2015 20:34:15 Se conecto con ip:127.0.0.1
05/12/2015 20:34:20 Transportó a moas hacia Mapa88 X:50 Y:50
05/12/2015 20:34:21 Transportó a moas hacia Mapa88 X:45 Y:46
05/12/2015 20:34:22 Transportó a moas hacia Mapa88 X:41 Y:41
05/12/2015 20:34:22 Transportó a moas hacia Mapa88 X:38 Y:36
05/12/2015 20:34:22 Transportó a moas hacia Mapa88 X:36 Y:33
05/12/2015 20:34:22 Transportó a moas hacia Mapa88 X:37 Y:30
07/12/2015 2:12:23 Se conecto con ip:127.0.0.1
07/12/2015 2:12:26 Transportó a moas hacia Mapa90 X:48 Y:48
07/12/2015 2:12:27 Transportó a moas hacia Mapa90 X:45 Y:46
07/12/2015 2:12:28 /INVISIBLE
07/12/2015 2:13:17 Se conecto con ip:127.0.0.1
07/12/2015 2:13:31 Se conecto con ip:127.0.0.1
07/12/2015 2:13:49 Transportó a moas hacia Mapa90 X:44 Y:48
07/12/2015 2:14:03 Se conecto con ip:127.0.0.1
07/12/2015 2:16:06 Se conecto con ip:127.0.0.1
07/12/2015 23:40:46 Se conecto con ip:127.0.0.1
07/12/2015 23:40:55 Utilizó un teleport hacia el mapa 1 (55,55)
07/12/2015 23:40:56 Transportó a moas hacia Mapa1 X:52 Y:54
07/12/2015 23:40:56 Transportó a moas hacia Mapa1 X:47 Y:54
07/12/2015 23:40:57 Transportó a moas hacia Mapa1 X:42 Y:55
07/12/2015 23:40:57 Transportó a moas hacia Mapa1 X:44 Y:58
07/12/2015 23:40:58 Utilizó un teleport hacia el mapa 82 (36,20)
07/12/2015 23:41:00 Transportó a moas hacia Mapa82 X:35 Y:21
07/12/2015 23:45:44 Se conecto con ip:127.0.0.1
07/12/2015 23:48:36 Transportó a moas hacia Mapa90 X:52 Y:49
07/12/2015 23:48:37 Utilizó un teleport hacia el mapa 1 (55,55)
07/12/2015 23:48:38 Transportó a moas hacia Mapa1 X:51 Y:57
07/12/2015 23:48:38 Transportó a moas hacia Mapa1 X:47 Y:60
07/12/2015 23:48:38 Transportó a moas hacia Mapa1 X:42 Y:63
07/12/2015 23:48:39 Transportó a moas hacia Mapa1 X:37 Y:66
07/12/2015 23:48:39 Transportó a moas hacia Mapa1 X:39 Y:62
07/12/2015 23:48:40 Transportó a moas hacia Mapa1 X:42 Y:59
07/12/2015 23:48:41 Utilizó un teleport hacia el mapa 82 (36,20)
08/12/2015 4:49:24 Se conecto con ip:127.0.0.1
08/12/2015 4:49:27 Transportó a moas hacia Mapa90 X:51 Y:47
08/12/2015 4:49:28 Utilizó un teleport hacia el mapa 1 (45,50)
08/12/2015 4:49:30 Transportó a moas hacia Mapa1 X:45 Y:57
08/12/2015 4:49:31 Transportó a moas hacia Mapa1 X:43 Y:60
08/12/2015 6:26:52 Se conecto con ip:127.0.0.1
08/12/2015 6:28:23 Se conecto con ip:127.0.0.1
08/12/2015 6:34:29 Se conecto con ip:127.0.0.1
08/12/2015 6:34:31 Transportó a moas hacia Mapa90 X:51 Y:46
08/12/2015 6:34:33 Utilizó un teleport hacia el mapa 1 (45,50)
08/12/2015 6:34:34 Transportó a moas hacia Mapa1 X:44 Y:57
08/12/2015 6:34:36 /INVISIBLE
08/12/2015 6:34:37 Utilizó un teleport hacia el mapa 82 (36,20)
08/12/2015 6:35:50 Transportó a moas hacia Mapa82 X:34 Y:17
08/12/2015 6:35:51 Utilizó un teleport hacia el mapa 1 (43,59)
08/12/2015 6:35:52 Utilizó un teleport hacia el mapa 82 (36,20)
08/12/2015 6:35:53 Transportó a moas hacia Mapa82 X:34 Y:18
08/12/2015 6:35:53 Utilizó un teleport hacia el mapa 1 (43,59)
08/12/2015 6:35:54 Transportó a moas hacia Mapa1 X:47 Y:62
08/12/2015 6:35:54 Transportó a moas hacia Mapa1 X:52 Y:65
08/12/2015 6:35:55 Transportó a moas hacia Mapa1 X:57 Y:69
08/12/2015 6:35:55 Transportó a moas hacia Mapa1 X:59 Y:73
08/12/2015 6:35:56 Transportó a moas hacia Mapa1 X:65 Y:71
08/12/2015 6:37:07 Transportó a moas hacia Mapa1 X:68 Y:68
08/12/2015 6:37:20 Transportó a moas hacia Mapa1 X:66 Y:67
08/12/2015 6:37:20 Transportó a moas hacia Mapa1 X:68 Y:65
08/12/2015 6:37:28 Transportó a moas hacia Mapa1 X:68 Y:68
08/12/2015 6:38:35 Se conecto con ip:127.0.0.1
08/12/2015 6:38:44 Transportó a moas hacia Mapa90 X:51 Y:45
08/12/2015 6:38:44 Utilizó un teleport hacia el mapa 1 (45,50)
08/12/2015 6:38:46 Transportó a moas hacia Mapa1 X:41 Y:48
08/12/2015 6:38:46 Transportó a moas hacia Mapa1 X:37 Y:44
08/12/2015 6:38:47 Transportó a moas hacia Mapa1 X:32 Y:44
08/12/2015 6:38:58 Transportó a moas hacia Mapa1 X:36 Y:56
08/12/2015 6:38:59 Transportó a moas hacia Mapa1 X:40 Y:59
08/12/2015 6:39:56 Transportó a moas hacia Mapa1 X:44 Y:60
08/12/2015 7:02:57 Se conecto con ip:127.0.0.1
08/12/2015 7:02:58 Transportó a moas hacia Mapa90 X:51 Y:47
08/12/2015 7:03:09 Transportó a moas hacia Mapa90 X:51 Y:46
08/12/2015 7:03:10 Utilizó un teleport hacia el mapa 1 (45,50)
08/12/2015 7:03:11 Transportó a moas hacia Mapa1 X:44 Y:58
08/12/2015 7:03:12 Transportó a moas hacia Mapa1 X:38 Y:55
08/12/2015 7:03:13 Transportó a moas hacia Mapa1 X:34 Y:56
08/12/2015 7:03:13 Transportó a moas hacia Mapa1 X:31 Y:60
08/12/2015 7:03:13 Transportó a moas hacia Mapa1 X:29 Y:64
08/12/2015 7:03:14 Transportó a moas hacia Mapa1 X:34 Y:62
08/12/2015 7:03:37 Se conecto con ip:127.0.0.1
08/12/2015 7:05:03 Transportó a moas hacia Mapa90 X:51 Y:45
08/12/2015 7:05:04 Utilizó un teleport hacia el mapa 1 (45,50)
08/12/2015 7:05:04 Transportó a moas hacia Mapa1 X:41 Y:53
08/12/2015 7:05:05 /INVISIBLE
08/12/2015 7:05:06 Transportó a moas hacia Mapa1 X:37 Y:53
08/12/2015 7:05:16 Transportó a moas hacia Mapa1 X:35 Y:48
08/12/2015 7:05:20 Se conecto con ip:127.0.0.1
08/12/2015 7:05:24 Transportó a moas hacia Mapa90 X:51 Y:45
08/12/2015 7:05:24 Utilizó un teleport hacia el mapa 1 (45,50)
08/12/2015 7:05:27 Transportó a moas hacia Mapa1 X:34 Y:46
08/12/2015 7:05:31 Transportó a moas hacia Mapa1 X:32 Y:51
08/12/2015 7:05:35 Se conecto con ip:127.0.0.1
08/12/2015 7:05:37 Transportó a moas hacia Mapa90 X:51 Y:46
08/12/2015 7:05:41 Transportó a moas hacia Mapa90 X:51 Y:46
08/12/2015 7:05:41 Utilizó un teleport hacia el mapa 1 (45,50)
08/12/2015 7:05:42 Transportó a moas hacia Mapa1 X:39 Y:50
08/12/2015 7:05:43 Transportó a moas hacia Mapa1 X:32 Y:51
08/12/2015 7:05:44 Transportó a moas hacia Mapa1 X:32 Y:49
08/12/2015 7:05:48 Se conecto con ip:127.0.0.1
08/12/2015 7:05:55 Transportó a moas hacia Mapa90 X:51 Y:45
08/12/2015 7:05:55 Utilizó un teleport hacia el mapa 1 (45,50)
08/12/2015 7:05:56 Transportó a moas hacia Mapa1 X:39 Y:54
08/12/2015 7:05:56 Transportó a moas hacia Mapa1 X:32 Y:54
08/12/2015 7:08:38 Se conecto con ip:127.0.0.1
08/12/2015 7:08:52 Transportó a moas hacia Mapa90 X:51 Y:45
08/12/2015 7:08:52 Utilizó un teleport hacia el mapa 1 (45,50)
08/12/2015 7:08:53 Transportó a moas hacia Mapa1 X:40 Y:53
08/12/2015 7:09:01 Transportó a moas hacia Mapa1 X:34 Y:50
08/12/2015 7:09:06 Se conecto con ip:127.0.0.1
08/12/2015 7:09:29 Transportó a moas hacia Mapa90 X:51 Y:46
08/12/2015 7:09:30 Utilizó un teleport hacia el mapa 1 (45,50)
08/12/2015 7:09:31 Transportó a moas hacia Mapa1 X:41 Y:52
08/12/2015 7:09:31 Transportó a moas hacia Mapa1 X:36 Y:53
08/12/2015 7:09:31 Transportó a moas hacia Mapa1 X:31 Y:52
08/12/2015 7:09:31 Transportó a moas hacia Mapa1 X:28 Y:49
08/12/2015 7:09:31 Transportó a moas hacia Mapa1 X:27 Y:45
08/12/2015 7:09:32 Transportó a moas hacia Mapa1 X:28 Y:42
08/12/2015 7:09:32 Transportó a moas hacia Mapa1 X:32 Y:43
08/12/2015 7:09:32 Transportó a moas hacia Mapa1 X:37 Y:45
08/12/2015 7:09:32 Transportó a moas hacia Mapa1 X:42 Y:47
08/12/2015 7:09:33 Transportó a moas hacia Mapa1 X:42 Y:47
08/12/2015 7:09:33 Transportó a moas hacia Mapa1 X:39 Y:49
08/12/2015 7:09:33 Transportó a moas hacia Mapa1 X:35 Y:52
08/12/2015 7:11:39 Se conecto con ip:127.0.0.1
08/12/2015 7:29:35 Se conecto con ip:127.0.0.1
08/12/2015 7:29:39 Utilizó un teleport hacia el mapa 1 (45,50)
08/12/2015 7:29:39 Transportó a moas hacia Mapa1 X:45 Y:55
08/12/2015 7:29:40 Transportó a moas hacia Mapa1 X:44 Y:59
08/12/2015 7:29:43 /INVISIBLE
08/12/2015 7:29:44 /INVISIBLE
08/12/2015 7:29:45 /INVISIBLE
08/12/2015 7:29:51 Se conecto con ip:127.0.0.1
08/12/2015 7:29:53 Transportó a moas hacia Mapa90 X:53 Y:46
08/12/2015 7:29:55 Transportó a moas hacia Mapa90 X:51 Y:47
08/12/2015 7:29:56 Utilizó un teleport hacia el mapa 1 (45,50)
08/12/2015 7:29:57 Transportó a moas hacia Mapa1 X:45 Y:57
08/12/2015 7:29:58 Utilizó un teleport hacia el mapa 82 (36,20)
08/12/2015 7:30:01 Transportó a moas hacia Mapa82 X:38 Y:20
08/12/2015 7:30:01 Transportó a moas hacia Mapa82 X:42 Y:18
08/12/2015 7:30:01 Transportó a moas hacia Mapa82 X:47 Y:17
08/12/2015 7:30:02 Transportó a moas hacia Mapa82 X:44 Y:17
08/12/2015 7:30:04 Transportó a moas hacia Mapa82 X:48 Y:15
08/12/2015 7:30:04 Transportó a moas hacia Mapa82 X:53 Y:17
08/12/2015 7:30:04 Transportó a moas hacia Mapa82 X:58 Y:18
08/12/2015 7:30:04 Transportó a moas hacia Mapa82 X:64 Y:17
08/12/2015 7:30:07 Transportó a moas hacia Mapa82 X:71 Y:19
08/12/2015 7:30:08 Transportó a moas hacia Mapa82 X:80 Y:16
08/12/2015 7:30:12 Utilizó un teleport hacia el mapa 70 (68,54)
08/12/2015 7:30:13 Transportó a moas hacia Mapa70 X:69 Y:51
08/12/2015 7:30:13 Transportó a moas hacia Mapa70 X:73 Y:48
08/12/2015 7:30:13 Transportó a moas hacia Mapa70 X:77 Y:50
08/12/2015 7:30:13 Transportó a moas hacia Mapa70 X:73 Y:48
08/12/2015 7:30:13 Transportó a moas hacia Mapa70 X:67 Y:45
08/12/2015 7:30:14 Transportó a moas hacia Mapa70 X:60 Y:43
08/12/2015 7:30:14 Transportó a moas hacia Mapa70 X:67 Y:43
08/12/2015 7:30:15 Utilizó un teleport hacia el mapa 71 (73,87)
08/12/2015 7:30:16 Utilizó un teleport hacia el mapa 70 (67,43)
08/12/2015 7:30:24 Agarro:945 Objeto:Poción Azul
08/12/2015 7:30:25 Utilizó un teleport hacia el mapa 71 (73,87)
08/12/2015 7:30:26 Transportó a moas hacia Mapa71 X:76 Y:80
08/12/2015 7:30:26 Transportó a moas hacia Mapa71 X:74 Y:75
08/12/2015 7:30:26 Transportó a moas hacia Mapa71 X:72 Y:70
08/12/2015 7:30:27 Transportó a moas hacia Mapa71 X:65 Y:72
08/12/2015 7:30:27 Transportó a moas hacia Mapa71 X:58 Y:74
08/12/2015 7:30:28 Transportó a moas hacia Mapa71 X:57 Y:70
08/12/2015 7:30:28 Transportó a moas hacia Mapa71 X:58 Y:66
08/12/2015 7:30:29 Transportó a moas hacia Mapa71 X:61 Y:63
08/12/2015 7:30:29 Transportó a moas hacia Mapa71 X:58 Y:60
08/12/2015 7:30:30 Transportó a moas hacia Mapa71 X:58 Y:55
08/12/2015 7:30:30 Transportó a moas hacia Mapa71 X:61 Y:50
08/12/2015 7:30:31 Transportó a moas hacia Mapa71 X:65 Y:46
08/12/2015 7:30:31 Transportó a moas hacia Mapa71 X:69 Y:44
08/12/2015 7:30:31 Transportó a moas hacia Mapa71 X:73 Y:43
08/12/2015 7:30:31 Transportó a moas hacia Mapa71 X:78 Y:40
08/12/2015 7:30:32 Transportó a moas hacia Mapa71 X:80 Y:36
08/12/2015 7:30:32 Transportó a moas hacia Mapa71 X:81 Y:32
08/12/2015 7:30:32 Transportó a moas hacia Mapa71 X:81 Y:29
08/12/2015 7:30:33 Transportó a moas hacia Mapa71 X:81 Y:26
08/12/2015 7:30:33 Transportó a moas hacia Mapa71 X:78 Y:24
08/12/2015 7:30:33 Transportó a moas hacia Mapa71 X:75 Y:22
08/12/2015 7:30:33 Transportó a moas hacia Mapa71 X:71 Y:23
08/12/2015 7:30:33 Transportó a moas hacia Mapa71 X:70 Y:27
08/12/2015 7:30:33 Transportó a moas hacia Mapa71 X:74 Y:30
08/12/2015 7:30:34 Transportó a moas hacia Mapa71 X:79 Y:33
08/12/2015 7:30:34 Transportó a moas hacia Mapa71 X:84 Y:36
08/12/2015 7:30:34 Transportó a moas hacia Mapa71 X:90 Y:38
08/12/2015 7:30:35 Transportó a moas hacia Mapa71 X:85 Y:38
08/12/2015 7:30:35 Transportó a moas hacia Mapa71 X:80 Y:37
08/12/2015 7:30:35 Transportó a moas hacia Mapa71 X:75 Y:34
08/12/2015 7:30:35 Transportó a moas hacia Mapa71 X:70 Y:30
08/12/2015 7:30:36 Transportó a moas hacia Mapa71 X:65 Y:29
08/12/2015 7:30:36 Transportó a moas hacia Mapa71 X:60 Y:29
08/12/2015 7:30:36 Transportó a moas hacia Mapa71 X:56 Y:25
08/12/2015 7:30:37 Transportó a moas hacia Mapa71 X:53 Y:20
08/12/2015 7:30:37 Transportó a moas hacia Mapa71 X:52 Y:16
08/12/2015 7:30:37 Transportó a moas hacia Mapa71 X:55 Y:12
08/12/2015 7:30:37 Transportó a moas hacia Mapa71 X:60 Y:9
08/12/2015 7:30:38 Transportó a moas hacia Mapa71 X:53 Y:10
08/12/2015 7:30:38 Transportó a moas hacia Mapa71 X:47 Y:13
08/12/2015 7:30:38 Transportó a moas hacia Mapa71 X:42 Y:16
08/12/2015 7:30:38 Transportó a moas hacia Mapa71 X:37 Y:18
08/12/2015 7:30:38 Transportó a moas hacia Mapa71 X:32 Y:17
08/12/2015 7:30:39 Transportó a moas hacia Mapa71 X:27 Y:15
08/12/2015 7:30:39 Transportó a moas hacia Mapa71 X:25 Y:17
08/12/2015 7:30:39 Transportó a moas hacia Mapa71 X:24 Y:21
08/12/2015 7:30:39 Transportó a moas hacia Mapa71 X:21 Y:25
08/12/2015 7:30:40 Transportó a moas hacia Mapa71 X:18 Y:26
08/12/2015 7:30:40 Transportó a moas hacia Mapa71 X:14 Y:26
08/12/2015 7:30:40 Transportó a moas hacia Mapa71 X:12 Y:23
08/12/2015 7:30:40 Transportó a moas hacia Mapa71 X:14 Y:19
08/12/2015 7:30:41 Transportó a moas hacia Mapa71 X:19 Y:17
08/12/2015 7:30:41 Transportó a moas hacia Mapa71 X:24 Y:16
08/12/2015 7:30:41 Transportó a moas hacia Mapa71 X:26 Y:19
08/12/2015 7:30:41 Transportó a moas hacia Mapa71 X:25 Y:24
08/12/2015 7:30:41 Transportó a moas hacia Mapa71 X:22 Y:29
08/12/2015 7:30:42 Transportó a moas hacia Mapa71 X:19 Y:34
08/12/2015 7:30:46 Numero enemigos en mapa 88
08/12/2015 7:30:54 Numero enemigos en mapa 71
08/12/2015 7:32:18 Transportó a moas hacia Mapa71 X:25 Y:33
08/12/2015 7:32:18 Transportó a moas hacia Mapa71 X:28 Y:32
08/12/2015 7:32:18 Transportó a moas hacia Mapa71 X:32 Y:29
08/12/2015 7:32:18 Transportó a moas hacia Mapa71 X:37 Y:27
08/12/2015 7:32:19 Transportó a moas hacia Mapa71 X:41 Y:28
08/12/2015 7:32:19 Transportó a moas hacia Mapa71 X:45 Y:31
08/12/2015 7:32:19 Transportó a moas hacia Mapa71 X:49 Y:34
08/12/2015 7:32:19 Transportó a moas hacia Mapa71 X:54 Y:32
08/12/2015 7:32:19 Transportó a moas hacia Mapa71 X:59 Y:29
08/12/2015 7:32:20 Transportó a moas hacia Mapa71 X:62 Y:27
08/12/2015 7:32:20 Transportó a moas hacia Mapa71 X:62 Y:24
08/12/2015 7:32:20 Transportó a moas hacia Mapa71 X:64 Y:20
08/12/2015 7:32:20 Transportó a moas hacia Mapa71 X:69 Y:18
08/12/2015 7:32:20 Transportó a moas hacia Mapa71 X:73 Y:22
08/12/2015 7:32:20 Transportó a moas hacia Mapa71 X:76 Y:28
08/12/2015 7:32:21 Transportó a moas hacia Mapa71 X:72 Y:33
08/12/2015 7:32:21 Transportó a moas hacia Mapa71 X:71 Y:37
08/12/2015 7:32:21 Transportó a moas hacia Mapa71 X:71 Y:40
08/12/2015 7:32:21 Transportó a moas hacia Mapa71 X:74 Y:42
08/12/2015 7:32:21 Transportó a moas hacia Mapa71 X:72 Y:47
08/12/2015 7:32:22 Transportó a moas hacia Mapa71 X:68 Y:51
08/12/2015 7:32:22 Transportó a moas hacia Mapa71 X:63 Y:56
08/12/2015 7:32:22 Transportó a moas hacia Mapa71 X:58 Y:61
08/12/2015 7:32:22 Transportó a moas hacia Mapa71 X:62 Y:63
08/12/2015 7:32:23 Transportó a moas hacia Mapa71 X:61 Y:67
08/12/2015 7:32:24 Transportó a moas hacia Mapa71 X:61 Y:73
08/12/2015 7:32:25 Transportó a moas hacia Mapa71 X:63 Y:78
08/12/2015 7:32:25 Transportó a moas hacia Mapa71 X:69 Y:79
08/12/2015 7:32:26 Transportó a moas hacia Mapa71 X:73 Y:80
08/12/2015 7:32:28 Utilizó un teleport hacia el mapa 70 (67,43)
08/12/2015 7:32:28 Transportó a moas hacia Mapa70 X:74 Y:42
08/12/2015 7:32:29 Transportó a moas hacia Mapa70 X:75 Y:40
08/12/2015 7:32:30 Utilizó un teleport hacia el mapa 1 (43,59)
08/12/2015 7:32:31 Transportó a moas hacia Mapa1 X:43 Y:59
08/12/2015 7:32:31 Utilizó un teleport hacia el mapa 82 (36,20)
08/12/2015 16:55:49 Se conecto con ip:127.0.0.1
08/12/2015 16:56:27 Transportó a moas hacia Mapa90 X:51 Y:46
08/12/2015 16:56:27 Utilizó un teleport hacia el mapa 1 (45,50)
08/12/2015 16:56:28 Transportó a moas hacia Mapa1 X:44 Y:58
08/12/2015 16:56:30 Utilizó un teleport hacia el mapa 82 (36,20)
08/12/2015 16:56:32 Transportó a moas hacia Mapa82 X:36 Y:20
08/12/2015 16:56:34 /INVISIBLE
08/12/2015 16:58:23 Se conecto con ip:127.0.0.1
08/12/2015 16:59:58 Se conecto con ip:127.0.0.1
08/12/2015 17:25:17 Se conecto con ip:127.0.0.1
08/12/2015 17:25:18 Transportó a moas hacia Mapa90 X:51 Y:48
08/12/2015 17:25:19 /INVISIBLE
08/12/2015 17:26:39 Utilizó un teleport hacia el mapa 1 (45,50)
08/12/2015 17:26:40 Transportó a moas hacia Mapa1 X:44 Y:57
08/12/2015 17:26:41 Transportó a moas hacia Mapa1 X:43 Y:60
08/12/2015 17:27:58 Utilizó un teleport hacia el mapa 82 (36,20)
08/12/2015 17:27:59 Transportó a moas hacia Mapa82 X:31 Y:17
08/12/2015 17:27:59 Transportó a moas hacia Mapa82 X:26 Y:14
08/12/2015 17:28:00 Transportó a moas hacia Mapa82 X:27 Y:19
08/12/2015 17:28:31 Transportó a moas hacia Mapa82 X:28 Y:17
08/12/2015 17:30:45 Se conecto con ip:127.0.0.1
08/12/2015 17:30:48 /INVISIBLE
08/12/2015 17:30:53 Transportó a moas hacia Mapa90 X:50 Y:46
08/12/2015 17:30:54 Utilizó un teleport hacia el mapa 1 (45,50)
08/12/2015 17:30:55 Transportó a moas hacia Mapa1 X:40 Y:53
08/12/2015 17:30:55 Transportó a moas hacia Mapa1 X:35 Y:57
08/12/2015 17:30:59 Transportó a moas hacia Mapa1 X:41 Y:59
08/12/2015 17:31:00 Utilizó un teleport hacia el mapa 82 (36,20)
08/12/2015 17:31:01 Transportó a moas hacia Mapa82 X:29 Y:18
08/12/2015 17:31:01 Transportó a moas hacia Mapa82 X:37 Y:19
08/12/2015 17:31:02 Transportó a moas hacia Mapa82 X:44 Y:21
08/12/2015 17:31:02 Transportó a moas hacia Mapa82 X:45 Y:17
08/12/2015 17:31:02 Transportó a moas hacia Mapa82 X:44 Y:13
08/12/2015 17:31:02 Transportó a moas hacia Mapa82 X:52 Y:11
08/12/2015 17:31:03 Transportó a moas hacia Mapa82 X:58 Y:11
08/12/2015 17:31:03 Transportó a moas hacia Mapa82 X:62 Y:13
08/12/2015 17:31:03 Transportó a moas hacia Mapa82 X:65 Y:15
08/12/2015 17:31:03 Transportó a moas hacia Mapa82 X:67 Y:17
08/12/2015 17:33:29 Transportó a moas hacia Mapa82 X:71 Y:20
08/12/2015 17:33:29 Transportó a moas hacia Mapa82 X:76 Y:20
08/12/2015 17:33:30 Transportó a moas hacia Mapa82 X:82 Y:22
08/12/2015 17:33:30 Transportó a moas hacia Mapa82 X:88 Y:19
08/12/2015 17:33:30 Transportó a moas hacia Mapa82 X:92 Y:17
08/12/2015 17:33:30 Transportó a moas hacia Mapa82 X:87 Y:16
08/12/2015 17:33:31 Transportó a moas hacia Mapa82 X:81 Y:17
08/12/2015 17:33:31 Transportó a moas hacia Mapa82 X:74 Y:20
08/12/2015 17:33:31 Transportó a moas hacia Mapa82 X:67 Y:22
08/12/2015 17:33:31 Transportó a moas hacia Mapa82 X:61 Y:21
08/12/2015 17:33:31 Transportó a moas hacia Mapa82 X:56 Y:19
08/12/2015 17:33:32 Transportó a moas hacia Mapa82 X:51 Y:18
08/12/2015 17:33:32 Transportó a moas hacia Mapa82 X:46 Y:19
08/12/2015 17:33:32 Transportó a moas hacia Mapa82 X:41 Y:20
08/12/2015 17:34:49 Transportó a moas hacia Mapa82 X:35 Y:21
08/12/2015 17:34:50 Transportó a moas hacia Mapa82 X:30 Y:19
08/12/2015 17:47:45 Se conecto con ip:127.0.0.1
08/12/2015 17:48:04 Transportó a moas hacia Mapa90 X:51 Y:45
08/12/2015 17:48:04 Utilizó un teleport hacia el mapa 1 (45,50)
08/12/2015 17:48:05 Transportó a moas hacia Mapa1 X:45 Y:56
08/12/2015 17:49:19 Se conecto con ip:127.0.0.1
08/12/2015 17:49:27 Transportó a moas hacia Mapa90 X:51 Y:45
08/12/2015 17:49:27 Utilizó un teleport hacia el mapa 1 (45,50)
08/12/2015 17:49:29 Transportó a moas hacia Mapa1 X:39 Y:51
08/12/2015 17:49:31 Transportó a moas hacia Mapa1 X:36 Y:55
08/12/2015 17:50:00 Se conecto con ip:127.0.0.1
08/12/2015 17:50:40 Se conecto con ip:127.0.0.1
08/12/2015 17:53:16 Se conecto con ip:127.0.0.1
08/12/2015 17:53:28 Transportó a moas hacia Mapa90 X:51 Y:45
08/12/2015 17:53:28 Utilizó un teleport hacia el mapa 1 (45,50)
08/12/2015 17:53:29 Transportó a moas hacia Mapa1 X:45 Y:56
08/12/2015 17:53:30 Transportó a moas hacia Mapa1 X:41 Y:59
08/12/2015 17:53:33 Transportó a moas hacia Mapa1 X:39 Y:57
08/12/2015 17:53:33 /INVISIBLE
08/12/2015 17:58:59 Se conecto con ip:127.0.0.1
08/12/2015 18:01:04 Se conecto con ip:127.0.0.1
08/12/2015 18:01:05 Sumoneó con respawn Engendro de las profundidades en mapa 90
08/12/2015 18:01:08 Sumoneó con respawn Engendro de las profundidades en mapa 90
08/12/2015 18:01:11 /MATA 
08/12/2015 18:01:12 /MATA 
08/12/2015 18:01:34 Utilizó un teleport hacia el mapa 1 (45,50)
08/12/2015 18:01:51 Transportó a moas hacia Mapa1 X:43 Y:58
08/12/2015 18:01:51 Utilizó un teleport hacia el mapa 82 (36,20)
08/12/2015 18:01:53 Transportó a moas hacia Mapa82 X:34 Y:20
08/12/2015 18:01:55 Transportó a moas hacia Mapa82 X:36 Y:21
08/12/2015 18:03:45 Se conecto con ip:127.0.0.1
08/12/2015 18:03:49 Transportó a moas hacia Mapa90 X:51 Y:46
08/12/2015 18:03:50 Utilizó un teleport hacia el mapa 1 (45,50)
08/12/2015 18:03:51 Transportó a moas hacia Mapa1 X:41 Y:53
08/12/2015 18:03:51 Transportó a moas hacia Mapa1 X:36 Y:54
08/12/2015 18:04:22 Transportó a moas hacia Mapa1 X:43 Y:58
08/12/2015 18:04:23 Utilizó un teleport hacia el mapa 82 (36,20)
08/12/2015 18:04:24 Transportó a moas hacia Mapa82 X:33 Y:19
08/12/2015 18:07:34 Transportó a moas hacia Mapa82 X:36 Y:19
08/12/2015 18:07:34 Transportó a moas hacia Mapa82 X:42 Y:18
08/12/2015 18:07:35 /INVISIBLE
08/12/2015 18:07:36 Transportó a moas hacia Mapa82 X:45 Y:17
08/12/2015 18:07:56 Transportó a moas hacia Mapa82 X:49 Y:14
08/12/2015 18:07:57 Transportó a moas hacia Mapa82 X:53 Y:12
08/12/2015 18:07:57 Transportó a moas hacia Mapa82 X:58 Y:13
08/12/2015 18:07:57 Transportó a moas hacia Mapa82 X:61 Y:15
08/12/2015 18:07:57 Transportó a moas hacia Mapa82 X:63 Y:19
08/12/2015 18:07:57 Transportó a moas hacia Mapa82 X:65 Y:23
08/12/2015 18:07:58 Transportó a moas hacia Mapa82 X:67 Y:20
08/12/2015 18:07:58 Transportó a moas hacia Mapa82 X:71 Y:17
08/12/2015 18:07:59 Transportó a moas hacia Mapa82 X:67 Y:20
08/12/2015 18:08:45 Transportó a moas hacia Mapa82 X:63 Y:17
08/12/2015 18:08:48 Transportó a moas hacia Mapa82 X:71 Y:17
08/12/2015 18:08:48 Utilizó un teleport hacia el mapa 68 (37,58)
08/12/2015 18:08:49 Transportó a moas hacia Mapa68 X:37 Y:54
08/12/2015 18:08:49 Transportó a moas hacia Mapa68 X:38 Y:50
08/12/2015 18:08:49 Transportó a moas hacia Mapa68 X:40 Y:46
08/12/2015 18:08:50 Transportó a moas hacia Mapa68 X:44 Y:43
08/12/2015 18:08:50 Transportó a moas hacia Mapa68 X:48 Y:42
08/12/2015 18:08:51 Utilizó un teleport hacia el mapa 69 (57,11)
08/12/2015 18:08:55 Transportó a moas hacia Mapa69 X:60 Y:22
08/12/2015 18:09:47 Transportó a moas hacia Mapa69 X:57 Y:22
08/12/2015 18:09:47 Transportó a moas hacia Mapa69 X:55 Y:16
08/12/2015 18:09:48 Transportó a moas hacia Mapa69 X:56 Y:13
08/12/2015 18:09:49 Transportó a moas hacia Mapa69 X:56 Y:7
08/12/2015 18:09:51 Transportó a moas hacia Mapa69 X:56 Y:10
08/12/2015 18:09:51 Utilizó un teleport hacia el mapa 68 (47,42)
08/12/2015 18:09:52 Transportó a moas hacia Mapa68 X:42 Y:43
08/12/2015 18:09:52 Transportó a moas hacia Mapa68 X:39 Y:48
08/12/2015 18:09:52 Transportó a moas hacia Mapa68 X:41 Y:53
08/12/2015 18:09:53 Transportó a moas hacia Mapa68 X:45 Y:57
08/12/2015 18:09:53 Transportó a moas hacia Mapa68 X:50 Y:61
08/12/2015 18:09:54 Transportó a moas hacia Mapa68 X:47 Y:59
08/12/2015 18:09:54 Utilizó un teleport hacia el mapa 1 (43,59)
08/12/2015 18:09:55 Utilizó un teleport hacia el mapa 82 (36,20)
08/12/2015 18:09:56 Transportó a moas hacia Mapa82 X:31 Y:16
08/12/2015 18:09:59 Transportó a moas hacia Mapa82 X:31 Y:13
08/12/2015 18:09:59 Utilizó un teleport hacia el mapa 16 (51,50)
08/12/2015 18:10:00 Transportó a moas hacia Mapa16 X:51 Y:45
08/12/2015 18:10:01 Transportó a moas hacia Mapa16 X:51 Y:40
08/12/2015 18:10:02 Transportó a moas hacia Mapa16 X:52 Y:36
08/12/2015 18:10:02 Utilizó un teleport hacia el mapa 85 (50,50)
08/12/2015 18:10:03 Transportó a moas hacia Mapa85 X:46 Y:50
08/12/2015 18:10:03 Transportó a moas hacia Mapa85 X:41 Y:51
08/12/2015 18:10:03 Transportó a moas hacia Mapa85 X:37 Y:47
08/12/2015 18:10:03 Transportó a moas hacia Mapa85 X:33 Y:42
08/12/2015 18:10:03 Transportó a moas hacia Mapa85 X:32 Y:38
08/12/2015 18:10:03 Transportó a moas hacia Mapa85 X:34 Y:35
08/12/2015 18:10:04 Transportó a moas hacia Mapa85 X:38 Y:31
08/12/2015 18:10:04 Transportó a moas hacia Mapa85 X:39 Y:26
08/12/2015 18:10:04 Transportó a moas hacia Mapa85 X:37 Y:23
08/12/2015 18:10:04 Transportó a moas hacia Mapa85 X:34 Y:20
08/12/2015 18:10:04 Transportó a moas hacia Mapa85 X:30 Y:18
08/12/2015 18:10:05 Transportó a moas hacia Mapa85 X:24 Y:18
08/12/2015 18:10:05 Transportó a moas hacia Mapa85 X:18 Y:18
08/12/2015 18:10:05 Transportó a moas hacia Mapa85 X:12 Y:18
08/12/2015 18:10:05 Transportó a moas hacia Mapa85 X:13 Y:15
08/12/2015 18:10:05 Transportó a moas hacia Mapa85 X:16 Y:11
08/12/2015 18:10:06 Transportó a moas hacia Mapa85 X:20 Y:8
08/12/2015 18:10:06 Transportó a moas hacia Mapa85 X:24 Y:7
08/12/2015 18:10:06 Transportó a moas hacia Mapa85 X:29 Y:10
08/12/2015 18:10:06 Transportó a moas hacia Mapa85 X:34 Y:15
08/12/2015 18:10:06 Transportó a moas hacia Mapa85 X:39 Y:20
08/12/2015 18:10:07 Transportó a moas hacia Mapa85 X:45 Y:19
08/12/2015 18:10:07 Transportó a moas hacia Mapa85 X:49 Y:16
08/12/2015 18:10:07 Transportó a moas hacia Mapa85 X:53 Y:13
08/12/2015 18:10:07 Transportó a moas hacia Mapa85 X:58 Y:11
08/12/2015 18:10:08 Transportó a moas hacia Mapa85 X:62 Y:14
08/12/2015 18:10:08 Transportó a moas hacia Mapa85 X:64 Y:17
08/12/2015 18:10:08 Transportó a moas hacia Mapa85 X:64 Y:13
08/12/2015 18:10:09 Transportó a moas hacia Mapa85 X:64 Y:9
08/12/2015 20:06:44 Se conecto con ip:127.0.0.1
08/12/2015 20:06:48 Utilizó un teleport hacia el mapa 1 (45,50)
08/12/2015 20:06:49 Transportó a moas hacia Mapa1 X:42 Y:53
08/12/2015 20:06:49 Transportó a moas hacia Mapa1 X:38 Y:56
08/12/2015 20:06:50 Transportó a moas hacia Mapa1 X:38 Y:59
08/12/2015 20:06:50 Transportó a moas hacia Mapa1 X:38 Y:63
08/12/2015 20:06:50 Transportó a moas hacia Mapa1 X:36 Y:67
08/12/2015 20:06:50 Transportó a moas hacia Mapa1 X:33 Y:70
08/12/2015 20:06:51 Transportó a moas hacia Mapa1 X:35 Y:73
08/12/2015 20:06:52 Transportó a moas hacia Mapa1 X:36 Y:68
08/12/2015 20:06:52 Transportó a moas hacia Mapa1 X:37 Y:63
08/12/2015 20:06:53 Transportó a moas hacia Mapa1 X:36 Y:58
08/12/2015 20:06:53 Transportó a moas hacia Mapa1 X:34 Y:53
08/12/2015 20:06:53 Transportó a moas hacia Mapa1 X:33 Y:48
08/12/2015 20:06:53 Transportó a moas hacia Mapa1 X:33 Y:42
08/12/2015 20:06:54 Transportó a moas hacia Mapa1 X:40 Y:43
08/12/2015 20:07:00 Transportó a moas hacia Mapa1 X:33 Y:43
08/12/2015 20:07:01 Transportó a moas hacia Mapa1 X:37 Y:43
08/12/2015 20:07:02 Transportó a moas hacia Mapa1 X:42 Y:43
08/12/2015 20:07:03 Transportó a moas hacia Mapa1 X:39 Y:42
08/12/2015 20:07:04 Transportó a moas hacia Mapa1 X:40 Y:45
08/12/2015 20:07:04 Transportó a moas hacia Mapa1 X:41 Y:50
08/12/2015 20:07:04 Transportó a moas hacia Mapa1 X:42 Y:55
08/12/2015 20:07:05 Transportó a moas hacia Mapa1 X:38 Y:57
08/12/2015 20:07:13 Transportó a moas hacia Mapa1 X:41 Y:48
08/12/2015 20:07:13 Transportó a moas hacia Mapa1 X:45 Y:43
08/12/2015 20:07:13 Transportó a moas hacia Mapa1 X:47 Y:38
08/12/2015 20:07:14 Transportó a moas hacia Mapa1 X:41 Y:42
08/12/2015 20:07:14 Transportó a moas hacia Mapa1 X:38 Y:41
08/12/2015 23:29:48 Se conecto con ip:127.0.0.1
08/12/2015 23:29:50 Transportó a moas hacia Mapa90 X:51 Y:46
08/12/2015 23:29:51 Utilizó un teleport hacia el mapa 1 (45,50)
08/12/2015 23:29:52 Transportó a moas hacia Mapa1 X:45 Y:55
08/12/2015 23:29:53 Transportó a moas hacia Mapa1 X:42 Y:59
08/12/2015 23:31:48 Utilizó un teleport hacia el mapa 82 (36,20)
08/12/2015 23:31:50 Transportó a moas hacia Mapa82 X:36 Y:18
08/12/2015 23:31:50 Utilizó un teleport hacia el mapa 1 (43,59)
08/12/2015 23:31:51 Transportó a moas hacia Mapa1 X:42 Y:54
08/12/2015 23:31:51 Transportó a moas hacia Mapa1 X:43 Y:49
08/12/2015 23:31:51 Transportó a moas hacia Mapa1 X:45 Y:44
08/12/2015 23:31:52 Transportó a moas hacia Mapa1 X:41 Y:44
08/12/2015 23:31:53 Transportó a moas hacia Mapa1 X:39 Y:41
08/12/2015 23:32:01 Transportó a moas hacia Mapa1 X:41 Y:46
08/12/2015 23:32:01 Transportó a moas hacia Mapa1 X:41 Y:51
08/12/2015 23:32:02 Transportó a moas hacia Mapa1 X:40 Y:49
08/12/2015 23:32:02 Transportó a moas hacia Mapa1 X:40 Y:45
08/12/2015 23:32:03 Transportó a moas hacia Mapa1 X:36 Y:44
08/12/2015 23:32:04 Transportó a moas hacia Mapa1 X:35 Y:47
08/12/2015 23:32:04 Transportó a moas hacia Mapa1 X:37 Y:50
08/12/2015 23:32:04 Transportó a moas hacia Mapa1 X:37 Y:55
08/12/2015 23:32:04 Transportó a moas hacia Mapa1 X:37 Y:60
08/12/2015 23:32:05 Transportó a moas hacia Mapa1 X:42 Y:60
09/12/2015 1:29:20 Se conecto con ip:127.0.0.1
